<?xml version="1.0" encoding="UTF-8"?>
<testsuite name="TestSuite" time="4.39" tests="21" errors="0" skipped="0" failures="0">
  <properties>
    <property name="java.runtime.name" value="Java(TM) SE Runtime Environment"/>
    <property name="sun.boot.library.path" value="C:\Program Files\Java\jdk1.8.0_231\jre\bin"/>
    <property name="java.vm.version" value="25.231-b11"/>
    <property name="user.country.format" value="AT"/>
    <property name="java.vm.vendor" value="Oracle Corporation"/>
    <property name="maven.multiModuleProjectDirectory" value="C:\Users\amar.talla\.jenkins\workspace\RMM DELTA FRAMEWORK"/>
    <property name="java.vendor.url" value="http://java.oracle.com/"/>
    <property name="path.separator" value=";"/>
    <property name="guice.disable.misplaced.annotation.check" value="true"/>
    <property name="java.vm.name" value="Java HotSpot(TM) 64-Bit Server VM"/>
    <property name="file.encoding.pkg" value="sun.io"/>
    <property name="user.script" value=""/>
    <property name="user.country" value="US"/>
    <property name="sun.java.launcher" value="SUN_STANDARD"/>
    <property name="sun.os.patch.level" value=""/>
    <property name="java.vm.specification.name" value="Java Virtual Machine Specification"/>
    <property name="user.dir" value="C:\Users\amar.talla\.jenkins\workspace\RMM DELTA FRAMEWORK"/>
    <property name="java.runtime.version" value="1.8.0_231-b11"/>
    <property name="java.awt.graphicsenv" value="sun.awt.Win32GraphicsEnvironment"/>
    <property name="java.endorsed.dirs" value="C:\Program Files\Java\jdk1.8.0_231\jre\lib\endorsed"/>
    <property name="os.arch" value="amd64"/>
    <property name="java.io.tmpdir" value="C:\Users\AMAR~1.TAL\AppData\Local\Temp\"/>
    <property name="line.separator" value="&#10;"/>
    <property name="java.vm.specification.vendor" value="Oracle Corporation"/>
    <property name="user.variant" value=""/>
    <property name="os.name" value="Windows 10"/>
    <property name="classworlds.conf" value="C:\Users\amar.talla\Desktop\Amar Talla\Softwares\apache-maven-3.6.3\bin\..\bin\m2.conf"/>
    <property name="sun.jnu.encoding" value="Cp1252"/>
    <property name="java.library.path" value="C:\Program Files\Java\jdk1.8.0_231\bin;C:\Windows\Sun\Java\bin;C:\Windows\system32;C:\Windows;C:\Program Files (x86)\Common Files\Oracle\Java\javapath;C:\Windows\system32;C:\Windows;C:\Windows\System32\Wbem;C:\Windows\System32\WindowsPowerShell\v1.0\;C:\Windows\System32\OpenSSH\;c:\Program Files (x86)\Microsoft SQL Server\110\Tools\Binn\;c:\Program Files\Microsoft SQL Server\110\Tools\Binn\;c:\Program Files\Microsoft SQL Server\110\DTS\Binn\;C:\Program Files (x86)\Microsoft SQL Server\150\DTS\Binn\;C:\Program Files\Docker\Docker\resources\bin;C:\ProgramData\DockerDesktop\version-bin;C:\Users\amar.talla\AppData\Local\Programs\Python\Python38-32\Scripts\;C:\Users\amar.talla\AppData\Local\Programs\Python\Python38-32\;C:\Users\amar.talla\AppData\Local\Microsoft\WindowsApps;C:\Program Files\Java\jdk1.8.0_231\bin;C:\Users\amar.talla\Desktop\Amar Talla\Softwares\apache-maven-3.6.3\bin;C:\Users\amar.talla\Desktop\Amar Talla\Softwares\apache-maven-3.6.3\bin;C:\Program Files (x86)\Notepad++;C:\Users\amar.talla\AppData\Local\Android\Sdk\build-tools;C:\Users\amar.talla\AppData\Local\Android\Sdk\platform-tools;C:\Users\amar.talla\AppData\Local\Android\Sdk\tools;;."/>
    <property name="maven.conf" value="C:\Users\amar.talla\Desktop\Amar Talla\Softwares\apache-maven-3.6.3\bin\../conf"/>
    <property name="java.specification.name" value="Java Platform API Specification"/>
    <property name="java.class.version" value="52.0"/>
    <property name="sun.management.compiler" value="HotSpot 64-Bit Tiered Compilers"/>
    <property name="os.version" value="10.0"/>
    <property name="library.jansi.path" value="C:\Users\amar.talla\Desktop\Amar Talla\Softwares\apache-maven-3.6.3\bin\..\lib\jansi-native"/>
    <property name="user.home" value="C:\Users\amar.talla"/>
    <property name="user.timezone" value="Asia/Calcutta"/>
    <property name="java.awt.printerjob" value="sun.awt.windows.WPrinterJob"/>
    <property name="java.specification.version" value="1.8"/>
    <property name="file.encoding" value="Cp1252"/>
    <property name="user.name" value="amar.talla"/>
    <property name="java.class.path" value="C:\Users\amar.talla\Desktop\Amar Talla\Softwares\apache-maven-3.6.3\bin\..\boot\plexus-classworlds-2.6.0.jar"/>
    <property name="java.vm.specification.version" value="1.8"/>
    <property name="sun.arch.data.model" value="64"/>
    <property name="java.home" value="C:\Program Files\Java\jdk1.8.0_231\jre"/>
    <property name="sun.java.command" value="org.codehaus.plexus.classworlds.launcher.Launcher -f C:\Users\amar.talla\Desktop\Amar Talla\Workspace\Project Workspace\rmm-delta-framework clean test"/>
    <property name="java.specification.vendor" value="Oracle Corporation"/>
    <property name="user.language" value="en"/>
    <property name="awt.toolkit" value="sun.awt.windows.WToolkit"/>
    <property name="java.vm.info" value="mixed mode"/>
    <property name="java.version" value="1.8.0_231"/>
    <property name="java.ext.dirs" value="C:\Program Files\Java\jdk1.8.0_231\jre\lib\ext;C:\Windows\Sun\Java\lib\ext"/>
    <property name="sun.boot.class.path" value="C:\Program Files\Java\jdk1.8.0_231\jre\lib\resources.jar;C:\Program Files\Java\jdk1.8.0_231\jre\lib\rt.jar;C:\Program Files\Java\jdk1.8.0_231\jre\lib\sunrsasign.jar;C:\Program Files\Java\jdk1.8.0_231\jre\lib\jsse.jar;C:\Program Files\Java\jdk1.8.0_231\jre\lib\jce.jar;C:\Program Files\Java\jdk1.8.0_231\jre\lib\charsets.jar;C:\Program Files\Java\jdk1.8.0_231\jre\lib\jfr.jar;C:\Program Files\Java\jdk1.8.0_231\jre\classes"/>
    <property name="java.vendor" value="Oracle Corporation"/>
    <property name="maven.home" value="C:\Users\amar.talla\Desktop\Amar Talla\Softwares\apache-maven-3.6.3\bin\.."/>
    <property name="file.separator" value="\"/>
    <property name="java.vendor.url.bug" value="http://bugreport.sun.com/bugreport/"/>
    <property name="sun.cpu.endian" value="little"/>
    <property name="sun.io.unicode.encoding" value="UnicodeLittle"/>
    <property name="sun.desktop" value="windows"/>
    <property name="sun.cpu.isalist" value="amd64"/>
  </properties>
  <testcase name="validateGetPolicyDetailsAPIWithInvalidDetails" classname="org.continuum.testcases.ValidateGetPolicyDetailsAPI" time="1.392"/>
  <testcase name="validateGetPolicyDetailsAPIWithInvalidDetails" classname="org.continuum.testcases.ValidateGetPolicyDetailsAPI" time="0.069"/>
  <testcase name="validateGetPolicyDetailsAPIWithValidDetails" classname="org.continuum.testcases.ValidateGetPolicyDetailsAPI" time="1.842"/>
  <testcase name="validateGetAssignedPoliciesAPIWithDefaultDetails" classname="org.continuum.testcases.ValidateGetAssignedPoliciesAPI" time="0.266"/>
  <testcase name="validateGetAssignedPoliciesAPIWithValidDetails" classname="org.continuum.testcases.ValidateGetAssignedPoliciesAPI" time="0.14"/>
  <testcase name="validateGetAssignedPoliciesAPIWithValidDetails" classname="org.continuum.testcases.ValidateGetAssignedPoliciesAPI" time="0.13"/>
  <testcase name="validateGetPartnerMetaDataAPIWithInvalidOperation" classname="org.continuum.testcases.ValidateGetPartnerMetaDataAPI" time="0.085"/>
  <testcase name="validateGetPartnerMetaDataAPIWithInvalidPartnerID" classname="org.continuum.testcases.ValidateGetPartnerMetaDataAPI" time="0.087"/>
  <testcase name="validateGetPartnerMetaDataAPIWithValidDetails" classname="org.continuum.testcases.ValidateGetPartnerMetaDataAPI" time="0.081"/>
  <testcase name="validateGetPartnerMetaDataAPIWithValidDetails" classname="org.continuum.testcases.ValidateGetPartnerMetaDataAPI" time="0.07"/>
  <testcase name="validateGetPartnerMetaDataAPIWithValidDetails" classname="org.continuum.testcases.ValidateGetPartnerMetaDataAPI" time="0.066"/>
  <testcase name="validateGetListSiteAPIWithInvalidDetails" classname="org.continuum.testcases.ValidateGetListSiteAPI" time="0.125"/>
  <testcase name="validateGetListSiteAPIWithInvalidDetails" classname="org.continuum.testcases.ValidateGetListSiteAPI" time="0.081"/>
  <testcase name="validateGetListSiteAPIWithInvalidDetails" classname="org.continuum.testcases.ValidateGetListSiteAPI" time="0.088"/>
  <testcase name="validateGetListSiteAPIWithInvalidDetails" classname="org.continuum.testcases.ValidateGetListSiteAPI" time="0.123"/>
  <testcase name="validateGetListSiteAPIWithValidDetails" classname="org.continuum.testcases.ValidateGetListSiteAPI" time="0.336"/>
  <testcase name="validateGetListSiteAPIWithValidDetails" classname="org.continuum.testcases.ValidateGetListSiteAPI" time="0.341"/>
  <testcase name="validateGetListSiteAPIWithValidDetails" classname="org.continuum.testcases.ValidateGetListSiteAPI" time="0.148"/>
  <testcase name="validateGetListSiteAPIWithValidDetails" classname="org.continuum.testcases.ValidateGetListSiteAPI" time="0.192"/>
  <testcase name="validateGetListSiteAPIWithValidDetails" classname="org.continuum.testcases.ValidateGetListSiteAPI" time="0.069"/>
  <testcase name="validateListSiteAPIWithInvalidOperation" classname="org.continuum.testcases.ValidateGetListSiteAPI" time="0.036"/>
</testsuite>