<?xml version="1.0" encoding="UTF-8"?>
<!-- Generated by org.testng.reporters.JUnitReportReporter -->
<testsuite skipped="0" hostname="RMM-LT-1056" name="org.continuum.setup.TestSetUp" tests="1" failures="0" timestamp="2020-03-04T12:49:20 IST" time="0.003" errors="0">
  <testcase name="testMethod" time="0.003" classname="org.continuum.setup.TestSetUp"/>
  <system-out/>
</testsuite> <!-- org.continuum.setup.TestSetUp -->
