<?xml version="1.0" encoding="UTF-8"?>
<!-- Generated by org.testng.reporters.JUnitReportReporter -->
<testsuite skipped="0" hostname="RMM-LT-1056" name="org.continuum.testcases.ValidateGetPartnerMetaDataAPI" tests="5" failures="0" timestamp="2020-03-31T14:22:09 IST" time="0.422" errors="0">
  <testcase name="validateGetPartnerMetaDataAPIWithValidDetails" time="0.092" classname="org.continuum.testcases.ValidateGetPartnerMetaDataAPI"/>
  <system-out/>
  <testcase name="validateGetPartnerMetaDataAPIWithValidDetails" time="0.119" classname="org.continuum.testcases.ValidateGetPartnerMetaDataAPI"/>
  <system-out/>
  <testcase name="validateGetPartnerMetaDataAPIWithValidDetails" time="0.094" classname="org.continuum.testcases.ValidateGetPartnerMetaDataAPI"/>
  <system-out/>
  <testcase name="validateGetPartnerMetaDataAPIWithInvalidPartnerID" time="0.058" classname="org.continuum.testcases.ValidateGetPartnerMetaDataAPI"/>
  <system-out/>
  <testcase name="validateGetPartnerMetaDataAPIWithInvalidOperation" time="0.059" classname="org.continuum.testcases.ValidateGetPartnerMetaDataAPI"/>
  <system-out/>
</testsuite> <!-- org.continuum.testcases.ValidateGetPartnerMetaDataAPI -->
