<?xml version="1.0" encoding="UTF-8"?>
<!-- Generated by org.testng.reporters.JUnitReportReporter -->
<testsuite skipped="0" hostname="RMM-LT-1056" name="org.continuum.testcases.ValidateGetListSiteAPI" tests="10" failures="0" timestamp="2020-03-31T14:22:09 IST" time="1.724" errors="0">
  <testcase name="validateGetListSiteAPIWithValidDetails" time="0.207" classname="org.continuum.testcases.ValidateGetListSiteAPI"/>
  <system-out/>
  <testcase name="validateGetListSiteAPIWithInvalidDetails" time="0.131" classname="org.continuum.testcases.ValidateGetListSiteAPI"/>
  <system-out/>
  <testcase name="validateGetListSiteAPIWithValidDetails" time="0.405" classname="org.continuum.testcases.ValidateGetListSiteAPI"/>
  <system-out/>
  <testcase name="validateGetListSiteAPIWithValidDetails" time="0.153" classname="org.continuum.testcases.ValidateGetListSiteAPI"/>
  <system-out/>
  <testcase name="validateGetListSiteAPIWithValidDetails" time="0.116" classname="org.continuum.testcases.ValidateGetListSiteAPI"/>
  <system-out/>
  <testcase name="validateGetListSiteAPIWithInvalidDetails" time="0.153" classname="org.continuum.testcases.ValidateGetListSiteAPI"/>
  <system-out/>
  <testcase name="validateGetListSiteAPIWithInvalidDetails" time="0.115" classname="org.continuum.testcases.ValidateGetListSiteAPI"/>
  <system-out/>
  <testcase name="validateGetListSiteAPIWithValidDetails" time="0.210" classname="org.continuum.testcases.ValidateGetListSiteAPI"/>
  <system-out/>
  <testcase name="validateGetListSiteAPIWithInvalidDetails" time="0.164" classname="org.continuum.testcases.ValidateGetListSiteAPI"/>
  <system-out/>
  <testcase name="validateListSiteAPIWithInvalidOperation" time="0.070" classname="org.continuum.testcases.ValidateGetListSiteAPI"/>
  <system-out/>
</testsuite> <!-- org.continuum.testcases.ValidateGetListSiteAPI -->
