<?xml version="1.0" encoding="UTF-8"?>
<!-- Generated by org.testng.reporters.JUnitReportReporter -->
<testsuite skipped="0" hostname="RMM-LT-1056" name="org.continuum.testcases.ValidateGetPartnerMetaData" tests="1" failures="0" timestamp="2020-03-25T15:14:18 IST" time="0.089" errors="0">
  <testcase name="validateGetPartnerMetaDataWithValidDetails" time="0.089" classname="org.continuum.testcases.ValidateGetPartnerMetaData"/>
  <system-out/>
</testsuite> <!-- org.continuum.testcases.ValidateGetPartnerMetaData -->
