<?xml version="1.0" encoding="UTF-8"?>
<!-- Generated by org.testng.reporters.JUnitReportReporter -->
<testsuite skipped="0" hostname="RMM-LT-1056" name="org.continuum.testcases.ValidateGetPolicyDetailsAPI" tests="3" failures="0" timestamp="2020-03-31T14:22:09 IST" time="2.199" errors="0">
  <testcase name="validateGetPolicyDetailsAPIWithValidDetails" time="0.152" classname="org.continuum.testcases.ValidateGetPolicyDetailsAPI"/>
  <system-out/>
  <testcase name="validateGetPolicyDetailsAPIWithInvalidDetails" time="0.105" classname="org.continuum.testcases.ValidateGetPolicyDetailsAPI"/>
  <system-out/>
  <testcase name="validateGetPolicyDetailsAPIWithInvalidDetails" time="1.942" classname="org.continuum.testcases.ValidateGetPolicyDetailsAPI"/>
  <system-out/>
</testsuite> <!-- org.continuum.testcases.ValidateGetPolicyDetailsAPI -->
