<?xml version="1.0" encoding="UTF-8"?>
<!-- Generated by org.testng.reporters.JUnitReportReporter -->
<testsuite skipped="0" hostname="RMM-LT-1056" name="org.continuum.testcases.ValidateGetPartnerMetaDataAPI" tests="5" failures="0" timestamp="2020-03-31T14:29:01 IST" time="0.386" errors="0">
  <testcase name="validateGetPartnerMetaDataAPIWithValidDetails" time="0.065" classname="org.continuum.testcases.ValidateGetPartnerMetaDataAPI"/>
  <system-out/>
  <testcase name="validateGetPartnerMetaDataAPIWithInvalidPartnerID" time="0.086" classname="org.continuum.testcases.ValidateGetPartnerMetaDataAPI"/>
  <system-out/>
  <testcase name="validateGetPartnerMetaDataAPIWithInvalidOperation" time="0.085" classname="org.continuum.testcases.ValidateGetPartnerMetaDataAPI"/>
  <system-out/>
  <testcase name="validateGetPartnerMetaDataAPIWithValidDetails" time="0.080" classname="org.continuum.testcases.ValidateGetPartnerMetaDataAPI"/>
  <system-out/>
  <testcase name="validateGetPartnerMetaDataAPIWithValidDetails" time="0.070" classname="org.continuum.testcases.ValidateGetPartnerMetaDataAPI"/>
  <system-out/>
</testsuite> <!-- org.continuum.testcases.ValidateGetPartnerMetaDataAPI -->
