<?xml version="1.0" encoding="UTF-8"?>
<!-- Generated by org.testng.reporters.JUnitReportReporter -->
<testsuite skipped="0" hostname="RMM-LT-1056" name="org.continuum.testcases.ValidateGetAssignedPoliciesAPI" tests="3" failures="0" timestamp="2020-03-31T14:29:01 IST" time="0.535" errors="0">
  <testcase name="validateGetAssignedPoliciesAPIWithValidDetails" time="0.130" classname="org.continuum.testcases.ValidateGetAssignedPoliciesAPI"/>
  <system-out/>
  <testcase name="validateGetAssignedPoliciesAPIWithDefaultDetails" time="0.265" classname="org.continuum.testcases.ValidateGetAssignedPoliciesAPI"/>
  <system-out/>
  <testcase name="validateGetAssignedPoliciesAPIWithValidDetails" time="0.140" classname="org.continuum.testcases.ValidateGetAssignedPoliciesAPI"/>
  <system-out/>
</testsuite> <!-- org.continuum.testcases.ValidateGetAssignedPoliciesAPI -->
