<?xml version="1.0" encoding="UTF-8"?>
<!-- Generated by org.testng.reporters.JUnitReportReporter -->
<testsuite skipped="0" hostname="RMM-LT-1056" name="org.continuum.testcases.ValidateGetListSiteAPI" tests="10" failures="0" timestamp="2020-03-31T14:29:01 IST" time="1.534" errors="0">
  <testcase name="validateGetListSiteAPIWithValidDetails" time="0.192" classname="org.continuum.testcases.ValidateGetListSiteAPI"/>
  <system-out/>
  <testcase name="validateListSiteAPIWithInvalidOperation" time="0.036" classname="org.continuum.testcases.ValidateGetListSiteAPI"/>
  <system-out/>
  <testcase name="validateGetListSiteAPIWithValidDetails" time="0.148" classname="org.continuum.testcases.ValidateGetListSiteAPI"/>
  <system-out/>
  <testcase name="validateGetListSiteAPIWithValidDetails" time="0.068" classname="org.continuum.testcases.ValidateGetListSiteAPI"/>
  <system-out/>
  <testcase name="validateGetListSiteAPIWithValidDetails" time="0.335" classname="org.continuum.testcases.ValidateGetListSiteAPI"/>
  <system-out/>
  <testcase name="validateGetListSiteAPIWithValidDetails" time="0.340" classname="org.continuum.testcases.ValidateGetListSiteAPI"/>
  <system-out/>
  <testcase name="validateGetListSiteAPIWithInvalidDetails" time="0.122" classname="org.continuum.testcases.ValidateGetListSiteAPI"/>
  <system-out/>
  <testcase name="validateGetListSiteAPIWithInvalidDetails" time="0.080" classname="org.continuum.testcases.ValidateGetListSiteAPI"/>
  <system-out/>
  <testcase name="validateGetListSiteAPIWithInvalidDetails" time="0.125" classname="org.continuum.testcases.ValidateGetListSiteAPI"/>
  <system-out/>
  <testcase name="validateGetListSiteAPIWithInvalidDetails" time="0.088" classname="org.continuum.testcases.ValidateGetListSiteAPI"/>
  <system-out/>
</testsuite> <!-- org.continuum.testcases.ValidateGetListSiteAPI -->
